#
# There is insufficient memory for the Java Runtime Environment to continue.
# Native memory allocation (malloc) failed to allocate 115296 bytes for Chunk::new
# Possible reasons:
#   The system is out of physical RAM or swap space
#   The process is running with CompressedOops enabled, and the Java Heap may be blocking the growth of the native heap
# Possible solutions:
#   Reduce memory load on the system
#   Increase physical memory or swap space
#   Check if swap backing store is full
#   Decrease Java heap size (-Xmx/-Xms)
#   Decrease number of Java threads
#   Decrease Java thread stack sizes (-Xss)
#   Set larger code cache with -XX:ReservedCodeCacheSize=
#   JVM is running with Unscaled Compressed Oops mode in which the Java heap is
#     placed in the first 4GB address space. The Java Heap base address is the
#     maximum limit for the native heap growth. Please use -XX:HeapBaseMinAddress
#     to set the Java Heap base and to place the Java Heap above 4GB virtual address.
# This output file may be truncated or incomplete.
#
#  Out of Memory Error (arena.cpp:184), pid=10740, tid=11272
#
# JRE version: Java(TM) SE Runtime Environment (18.0.2.1+1) (build 18.0.2.1+1-1)
# Java VM: Java HotSpot(TM) 64-Bit Server VM (18.0.2.1+1-1, mixed mode, sharing, tiered, compressed oops, compressed class ptrs, g1 gc, windows-amd64)
# No core dump will be written. Minidumps are not enabled by default on client versions of Windows
#

---------------  S U M M A R Y ------------

Command Line: -ea -Dfile.encoding=UTF-8 -XX:+ShowCodeDetailsInExceptionMessages org.testng.remote.RemoteTestNG -serport 51492 -protocol json -d C:\Users\Nandi\Downloads\com.juaracoding.pageobject\com.juaracoding.pageobject\test-output C:\Users\Nandi\AppData\Local\Temp\testng-eclipse--112868416\testng-customsuite.xml

Host: Intel(R) Core(TM) i5-7200U CPU @ 2.50GHz, 4 cores, 3G,  Windows 10 , 64 bit Build 19041 (10.0.19041.1889)
Time: Mon Aug 29 23:12:43 2022 SE Asia Standard Time elapsed time: 4.240130 seconds (0d 0h 0m 4s)

---------------  T H R E A D  ---------------

Current thread (0x00000271c2ec5640):  JavaThread "C2 CompilerThread0" daemon [_thread_in_native, id=11272, stack(0x000000be72a00000,0x000000be72b00000)]


Current CompileTask:
C2:   4240  596  s!   4       jdk.internal.loader.URLClassPath::getLoader (194 bytes)

Stack: [0x000000be72a00000,0x000000be72b00000]
Native frames: (J=compiled Java code, j=interpreted, Vv=VM code, C=native code)
V  [jvm.dll+0x6993aa]
V  [jvm.dll+0x7f46dd]
V  [jvm.dll+0x7f5fee]
V  [jvm.dll+0x7f66a3]
V  [jvm.dll+0x25cf1f]
V  [jvm.dll+0xb8c2f]
V  [jvm.dll+0xb8fa5]
V  [jvm.dll+0x3860cb]
V  [jvm.dll+0x34fe71]
V  [jvm.dll+0x34f30a]
V  [jvm.dll+0x230101]
V  [jvm.dll+0x22f4d1]
V  [jvm.dll+0x1ba01c]
V  [jvm.dll+0x23ee0a]
V  [jvm.dll+0x23d0f5]
V  [jvm.dll+0x7a6dd1]
V  [jvm.dll+0x7a120a]
V  [jvm.dll+0x698255]
C  [ucrtbase.dll+0x21bb2]
C  [KERNEL32.DLL+0x17034]
C  [ntdll.dll+0x52651]


---------------  P R O C E S S  ---------------

Threads class SMR info:
_java_thread_list=0x00000271e242d350, length=12, elements={
0x00000271c2e0d080, 0x00000271c2ea69e0, 0x00000271c2ea9f30, 0x00000271c2ec2c90,
0x00000271c2ec3630, 0x00000271c2ec3fd0, 0x00000271c2ec4970, 0x00000271c2ec5640,
0x00000271de153460, 0x00000271de156110, 0x00000271e2453450, 0x00000271e245df40
}

Java Threads: ( => current thread )
  0x00000271c2e0d080 JavaThread "main" [_thread_in_native, id=5968, stack(0x000000be71d00000,0x000000be71e00000)]
  0x00000271c2ea69e0 JavaThread "Reference Handler" daemon [_thread_blocked, id=5532, stack(0x000000be72400000,0x000000be72500000)]
  0x00000271c2ea9f30 JavaThread "Finalizer" daemon [_thread_blocked, id=2844, stack(0x000000be72500000,0x000000be72600000)]
  0x00000271c2ec2c90 JavaThread "Signal Dispatcher" daemon [_thread_blocked, id=6388, stack(0x000000be72600000,0x000000be72700000)]
  0x00000271c2ec3630 JavaThread "Attach Listener" daemon [_thread_blocked, id=9512, stack(0x000000be72700000,0x000000be72800000)]
  0x00000271c2ec3fd0 JavaThread "Service Thread" daemon [_thread_blocked, id=11316, stack(0x000000be72800000,0x000000be72900000)]
  0x00000271c2ec4970 JavaThread "Monitor Deflation Thread" daemon [_thread_blocked, id=6204, stack(0x000000be72900000,0x000000be72a00000)]
=>0x00000271c2ec5640 JavaThread "C2 CompilerThread0" daemon [_thread_in_native, id=11272, stack(0x000000be72a00000,0x000000be72b00000)]
  0x00000271de153460 JavaThread "C1 CompilerThread0" daemon [_thread_blocked, id=7316, stack(0x000000be72b00000,0x000000be72c00000)]
  0x00000271de156110 JavaThread "Sweeper thread" daemon [_thread_blocked, id=11336, stack(0x000000be72c00000,0x000000be72d00000)]
  0x00000271e2453450 JavaThread "Notification Thread" daemon [_thread_blocked, id=5564, stack(0x000000be72d00000,0x000000be72e00000)]
  0x00000271e245df40 JavaThread "Common-Cleaner" daemon [_thread_blocked, id=10736, stack(0x000000be72f00000,0x000000be73000000)]

Other Threads:
  0x00000271c2ea2300 VMThread "VM Thread" [stack: 0x000000be72300000,0x000000be72400000] [id=8356]
  0x00000271e2456130 WatcherThread "VM Periodic Task Thread" [stack: 0x000000be72e00000,0x000000be72f00000] [id=10060]
  0x00000271c2e4dc70 WorkerThread "GC Thread#0" [stack: 0x000000be71e00000,0x000000be71f00000] [id=5536]
  0x00000271c2e56920 ConcurrentGCThread "G1 Main Marker" [stack: 0x000000be71f00000,0x000000be72000000] [id=4960]
  0x00000271c2e57320 WorkerThread "G1 Conc#0" [stack: 0x000000be72000000,0x000000be72100000] [id=10612]
  0x00000271c2e81060 ConcurrentGCThread "G1 Refine#0" [stack: 0x000000be72100000,0x000000be72200000] [id=9136]
  0x00000271c2e81970 ConcurrentGCThread "G1 Service" [stack: 0x000000be72200000,0x000000be72300000] [id=5196]

Threads with active compile tasks:
C2 CompilerThread0     5468  596  s!   4       jdk.internal.loader.URLClassPath::getLoader (194 bytes)

VM state: not at safepoint (normal execution)

VM Mutex/Monitor currently owned by a thread: None

Heap address: 0x00000000c1400000, size: 1004 MB, Compressed Oops mode: 32-bit

CDS archive(s) mapped at: [0x0000000800000000-0x0000000800ba0000-0x0000000800ba0000), size 12189696, SharedBaseAddress: 0x0000000800000000, ArchiveRelocationMode: 0.
Compressed class space mapped at: 0x0000000800c00000-0x0000000840c00000, reserved size: 1073741824
Narrow klass base: 0x0000000800000000, Narrow klass shift: 0, Narrow klass range: 0x100000000

GC Precious Log:
 CardTable entry size: 512
 Card Set container configuration: InlinePtr #cards 5 size 8 Array Of Cards #cards 12 size 40 Howl #buckets 4 coarsen threshold 1843 Howl Bitmap #cards 512 size 80 coarsen threshold 460 Card regions per heap region 1 cards per card region 2048
 CPUs: 4 total, 4 available
 Memory: 4012M
 Large Page Support: Disabled
 NUMA Support: Disabled
 Compressed Oops: Enabled (32-bit)
 Heap Region Size: 1M
 Heap Min Capacity: 8M
 Heap Initial Capacity: 64M
 Heap Max Capacity: 1004M
 Pre-touch: Disabled
 Parallel Workers: 4
 Concurrent Workers: 1
 Concurrent Refinement Workers: 4
 Periodic GC: Disabled

Heap:
 garbage-first heap   total 65536K, used 7168K [0x00000000c1400000, 0x0000000100000000)
  region size 1024K, 9 young (9216K), 0 survivors (0K)
 Metaspace       used 2066K, committed 2176K, reserved 1114112K
  class space    used 194K, committed 256K, reserved 1048576K

Heap Regions: E=young(eden), S=young(survivor), O=old, HS=humongous(starts), HC=humongous(continues), CS=collection set, F=free, OA=open archive, CA=closed archive, TAMS=top-at-mark-start (previous, next)
|   0|0x00000000c1400000, 0x00000000c1400000, 0x00000000c1500000|  0%| F|  |TAMS 0x00000000c1400000, 0x00000000c1400000| Untracked 
|   1|0x00000000c1500000, 0x00000000c1500000, 0x00000000c1600000|  0%| F|  |TAMS 0x00000000c1500000, 0x00000000c1500000| Untracked 
|   2|0x00000000c1600000, 0x00000000c1600000, 0x00000000c1700000|  0%| F|  |TAMS 0x00000000c1600000, 0x00000000c1600000| Untracked 
|   3|0x00000000c1700000, 0x00000000c1700000, 0x00000000c1800000|  0%| F|  |TAMS 0x00000000c1700000, 0x00000000c1700000| Untracked 
|   4|0x00000000c1800000, 0x00000000c1800000, 0x00000000c1900000|  0%| F|  |TAMS 0x00000000c1800000, 0x00000000c1800000| Untracked 
|   5|0x00000000c1900000, 0x00000000c1900000, 0x00000000c1a00000|  0%| F|  |TAMS 0x00000000c1900000, 0x00000000c1900000| Untracked 
|   6|0x00000000c1a00000, 0x00000000c1a00000, 0x00000000c1b00000|  0%| F|  |TAMS 0x00000000c1a00000, 0x00000000c1a00000| Untracked 
|   7|0x00000000c1b00000, 0x00000000c1b00000, 0x00000000c1c00000|  0%| F|  |TAMS 0x00000000c1b00000, 0x00000000c1b00000| Untracked 
|   8|0x00000000c1c00000, 0x00000000c1c00000, 0x00000000c1d00000|  0%| F|  |TAMS 0x00000000c1c00000, 0x00000000c1c00000| Untracked 
|   9|0x00000000c1d00000, 0x00000000c1d00000, 0x00000000c1e00000|  0%| F|  |TAMS 0x00000000c1d00000, 0x00000000c1d00000| Untracked 
|  10|0x00000000c1e00000, 0x00000000c1e00000, 0x00000000c1f00000|  0%| F|  |TAMS 0x00000000c1e00000, 0x00000000c1e00000| Untracked 
|  11|0x00000000c1f00000, 0x00000000c1f00000, 0x00000000c2000000|  0%| F|  |TAMS 0x00000000c1f00000, 0x00000000c1f00000| Untracked 
|  12|0x00000000c2000000, 0x00000000c2000000, 0x00000000c2100000|  0%| F|  |TAMS 0x00000000c2000000, 0x00000000c2000000| Untracked 
|  13|0x00000000c2100000, 0x00000000c2100000, 0x00000000c2200000|  0%| F|  |TAMS 0x00000000c2100000, 0x00000000c2100000| Untracked 
|  14|0x00000000c2200000, 0x00000000c2200000, 0x00000000c2300000|  0%| F|  |TAMS 0x00000000c2200000, 0x00000000c2200000| Untracked 
|  15|0x00000000c2300000, 0x00000000c2300000, 0x00000000c2400000|  0%| F|  |TAMS 0x00000000c2300000, 0x00000000c2300000| Untracked 
|  16|0x00000000c2400000, 0x00000000c2400000, 0x00000000c2500000|  0%| F|  |TAMS 0x00000000c2400000, 0x00000000c2400000| Untracked 
|  17|0x00000000c2500000, 0x00000000c2500000, 0x00000000c2600000|  0%| F|  |TAMS 0x00000000c2500000, 0x00000000c2500000| Untracked 
|  18|0x00000000c2600000, 0x00000000c2600000, 0x00000000c2700000|  0%| F|  |TAMS 0x00000000c2600000, 0x00000000c2600000| Untracked 
|  19|0x00000000c2700000, 0x00000000c2700000, 0x00000000c2800000|  0%| F|  |TAMS 0x00000000c2700000, 0x00000000c2700000| Untracked 
|  20|0x00000000c2800000, 0x00000000c2800000, 0x00000000c2900000|  0%| F|  |TAMS 0x00000000c2800000, 0x00000000c2800000| Untracked 
|  21|0x00000000c2900000, 0x00000000c2900000, 0x00000000c2a00000|  0%| F|  |TAMS 0x00000000c2900000, 0x00000000c2900000| Untracked 
|  22|0x00000000c2a00000, 0x00000000c2a00000, 0x00000000c2b00000|  0%| F|  |TAMS 0x00000000c2a00000, 0x00000000c2a00000| Untracked 
|  23|0x00000000c2b00000, 0x00000000c2b00000, 0x00000000c2c00000|  0%| F|  |TAMS 0x00000000c2b00000, 0x00000000c2b00000| Untracked 
|  24|0x00000000c2c00000, 0x00000000c2c00000, 0x00000000c2d00000|  0%| F|  |TAMS 0x00000000c2c00000, 0x00000000c2c00000| Untracked 
|  25|0x00000000c2d00000, 0x00000000c2d00000, 0x00000000c2e00000|  0%| F|  |TAMS 0x00000000c2d00000, 0x00000000c2d00000| Untracked 
|  26|0x00000000c2e00000, 0x00000000c2e00000, 0x00000000c2f00000|  0%| F|  |TAMS 0x00000000c2e00000, 0x00000000c2e00000| Untracked 
|  27|0x00000000c2f00000, 0x00000000c2f00000, 0x00000000c3000000|  0%| F|  |TAMS 0x00000000c2f00000, 0x00000000c2f00000| Untracked 
|  28|0x00000000c3000000, 0x00000000c3000000, 0x00000000c3100000|  0%| F|  |TAMS 0x00000000c3000000, 0x00000000c3000000| Untracked 
|  29|0x00000000c3100000, 0x00000000c3100000, 0x00000000c3200000|  0%| F|  |TAMS 0x00000000c3100000, 0x00000000c3100000| Untracked 
|  30|0x00000000c3200000, 0x00000000c3200000, 0x00000000c3300000|  0%| F|  |TAMS 0x00000000c3200000, 0x00000000c3200000| Untracked 
|  31|0x00000000c3300000, 0x00000000c3300000, 0x00000000c3400000|  0%| F|  |TAMS 0x00000000c3300000, 0x00000000c3300000| Untracked 
|  32|0x00000000c3400000, 0x00000000c3400000, 0x00000000c3500000|  0%| F|  |TAMS 0x00000000c3400000, 0x00000000c3400000| Untracked 
|  33|0x00000000c3500000, 0x00000000c3500000, 0x00000000c3600000|  0%| F|  |TAMS 0x00000000c3500000, 0x00000000c3500000| Untracked 
|  34|0x00000000c3600000, 0x00000000c3600000, 0x00000000c3700000|  0%| F|  |TAMS 0x00000000c3600000, 0x00000000c3600000| Untracked 
|  35|0x00000000c3700000, 0x00000000c3700000, 0x00000000c3800000|  0%| F|  |TAMS 0x00000000c3700000, 0x00000000c3700000| Untracked 
|  36|0x00000000c3800000, 0x00000000c3800000, 0x00000000c3900000|  0%| F|  |TAMS 0x00000000c3800000, 0x00000000c3800000| Untracked 
|  37|0x00000000c3900000, 0x00000000c3900000, 0x00000000c3a00000|  0%| F|  |TAMS 0x00000000c3900000, 0x00000000c3900000| Untracked 
|  38|0x00000000c3a00000, 0x00000000c3a00000, 0x00000000c3b00000|  0%| F|  |TAMS 0x00000000c3a00000, 0x00000000c3a00000| Untracked 
|  39|0x00000000c3b00000, 0x00000000c3b00000, 0x00000000c3c00000|  0%| F|  |TAMS 0x00000000c3b00000, 0x00000000c3b00000| Untracked 
|  40|0x00000000c3c00000, 0x00000000c3c00000, 0x00000000c3d00000|  0%| F|  |TAMS 0x00000000c3c00000, 0x00000000c3c00000| Untracked 
|  41|0x00000000c3d00000, 0x00000000c3d00000, 0x00000000c3e00000|  0%| F|  |TAMS 0x00000000c3d00000, 0x00000000c3d00000| Untracked 
|  42|0x00000000c3e00000, 0x00000000c3e00000, 0x00000000c3f00000|  0%| F|  |TAMS 0x00000000c3e00000, 0x00000000c3e00000| Untracked 
|  43|0x00000000c3f00000, 0x00000000c3f00000, 0x00000000c4000000|  0%| F|  |TAMS 0x00000000c3f00000, 0x00000000c3f00000| Untracked 
|  44|0x00000000c4000000, 0x00000000c4000000, 0x00000000c4100000|  0%| F|  |TAMS 0x00000000c4000000, 0x00000000c4000000| Untracked 
|  45|0x00000000c4100000, 0x00000000c4100000, 0x00000000c4200000|  0%| F|  |TAMS 0x00000000c4100000, 0x00000000c4100000| Untracked 
|  46|0x00000000c4200000, 0x00000000c4200000, 0x00000000c4300000|  0%| F|  |TAMS 0x00000000c4200000, 0x00000000c4200000| Untracked 
|  47|0x00000000c4300000, 0x00000000c4300000, 0x00000000c4400000|  0%| F|  |TAMS 0x00000000c4300000, 0x00000000c4300000| Untracked 
|  48|0x00000000c4400000, 0x00000000c4400000, 0x00000000c4500000|  0%| F|  |TAMS 0x00000000c4400000, 0x00000000c4400000| Untracked 
|  49|0x00000000c4500000, 0x00000000c4500000, 0x00000000c4600000|  0%| F|  |TAMS 0x00000000c4500000, 0x00000000c4500000| Untracked 
|  50|0x00000000c4600000, 0x00000000c4600000, 0x00000000c4700000|  0%| F|  |TAMS 0x00000000c4600000, 0x00000000c4600000| Untracked 
|  51|0x00000000c4700000, 0x00000000c4700000, 0x00000000c4800000|  0%| F|  |TAMS 0x00000000c4700000, 0x00000000c4700000| Untracked 
|  52|0x00000000c4800000, 0x00000000c4800000, 0x00000000c4900000|  0%| F|  |TAMS 0x00000000c4800000, 0x00000000c4800000| Untracked 
|  53|0x00000000c4900000, 0x00000000c4900000, 0x00000000c4a00000|  0%| F|  |TAMS 0x00000000c4900000, 0x00000000c4900000| Untracked 
|  54|0x00000000c4a00000, 0x00000000c4a00000, 0x00000000c4b00000|  0%| F|  |TAMS 0x00000000c4a00000, 0x00000000c4a00000| Untracked 
|  55|0x00000000c4b00000, 0x00000000c4b43118, 0x00000000c4c00000| 26%| E|  |TAMS 0x00000000c4b00000, 0x00000000c4b00000| Complete 
|  56|0x00000000c4c00000, 0x00000000c4d00000, 0x00000000c4d00000|100%| E|CS|TAMS 0x00000000c4c00000, 0x00000000c4c00000| Complete 
|  57|0x00000000c4d00000, 0x00000000c4e00000, 0x00000000c4e00000|100%| E|CS|TAMS 0x00000000c4d00000, 0x00000000c4d00000| Complete 
|  58|0x00000000c4e00000, 0x00000000c4f00000, 0x00000000c4f00000|100%| E|CS|TAMS 0x00000000c4e00000, 0x00000000c4e00000| Complete 
|  59|0x00000000c4f00000, 0x00000000c5000000, 0x00000000c5000000|100%| E|CS|TAMS 0x00000000c4f00000, 0x00000000c4f00000| Complete 
|  60|0x00000000c5000000, 0x00000000c5100000, 0x00000000c5100000|100%| E|CS|TAMS 0x00000000c5000000, 0x00000000c5000000| Complete 
|  61|0x00000000c5100000, 0x00000000c5200000, 0x00000000c5200000|100%| E|CS|TAMS 0x00000000c5100000, 0x00000000c5100000| Complete 
|  62|0x00000000c5200000, 0x00000000c5300000, 0x00000000c5300000|100%| E|  |TAMS 0x00000000c5200000, 0x00000000c5200000| Complete 
|  63|0x00000000c5300000, 0x00000000c5400000, 0x00000000c5400000|100%| E|CS|TAMS 0x00000000c5300000, 0x00000000c5300000| Complete 

Card table byte_map: [0x00000271d9940000,0x00000271d9b40000] _byte_map_base: 0x00000271d9336000

Marking Bits (Prev, Next): (CMBitMap*) 0x00000271c2e4e270, (CMBitMap*) 0x00000271c2e4e2b0
 Prev Bits: [0x00000271d9d40000, 0x00000271dacf0000)
 Next Bits: [0x00000271dacf0000, 0x00000271dbca0000)

Polling page: 0x00000271c0ca0000

Metaspace:

Usage:
  Non-class:      1.83 MB used.
      Class:    194.81 KB used.
       Both:      2.02 MB used.

Virtual space:
  Non-class space:       64.00 MB reserved,       1.88 MB (  3%) committed,  1 nodes.
      Class space:        1.00 GB reserved,     256.00 KB ( <1%) committed,  1 nodes.
             Both:        1.06 GB reserved,       2.12 MB ( <1%) committed. 

Chunk freelists:
   Non-Class:  3.38 MB
       Class:  3.64 MB
        Both:  7.02 MB

MaxMetaspaceSize: unlimited
CompressedClassSpaceSize: 1.00 GB
Initial GC threshold: 21.00 MB
Current GC threshold: 21.00 MB
CDS: on
MetaspaceReclaimPolicy: balanced
 - commit_granule_bytes: 65536.
 - commit_granule_words: 8192.
 - virtual_space_node_default_size: 8388608.
 - enlarge_chunks_in_place: 1.
 - new_chunks_are_fully_committed: 0.
 - uncommit_free_chunks: 1.
 - use_allocation_guard: 0.


Internal statistics:

num_allocs_failed_limit: 0.
num_arena_births: 42.
num_arena_deaths: 0.
num_vsnodes_births: 2.
num_vsnodes_deaths: 0.
num_space_committed: 34.
num_space_uncommitted: 0.
num_chunks_returned_to_freelist: 0.
num_chunks_taken_from_freelist: 81.
num_chunk_merges: 0.
num_chunk_splits: 49.
num_chunks_enlarged: 37.
num_inconsistent_stats: 0.

CodeHeap 'non-profiled nmethods': size=120000Kb used=214Kb max_used=214Kb free=119785Kb
 bounds [0x00000271d2210000, 0x00000271d2480000, 0x00000271d9740000]
CodeHeap 'profiled nmethods': size=120000Kb used=983Kb max_used=983Kb free=119017Kb
 bounds [0x00000271cace0000, 0x00000271caf50000, 0x00000271d2210000]
CodeHeap 'non-nmethods': size=5760Kb used=1136Kb max_used=1142Kb free=4623Kb
 bounds [0x00000271ca740000, 0x00000271ca9b0000, 0x00000271cace0000]
 total_blobs=1049 nmethods=640 adapters=322
 compilation: enabled
              stopped_count=0, restarted_count=0
 full_count=0

Compilation events (20 events):
Event: 4.162 Thread 0x00000271de153460  599       1       java.util.jar.Manifest::getEntries (5 bytes)
Event: 4.162 Thread 0x00000271de153460 nmethod 599 0x00000271d2242290 code [0x00000271d2242420, 0x00000271d22424f8]
Event: 4.162 Thread 0x00000271de153460  601  s    3       jdk.internal.loader.Resource::cachedInputStream (20 bytes)
Event: 4.162 Thread 0x00000271de153460 nmethod 601 0x00000271cadc2810 code [0x00000271cadc29c0, 0x00000271cadc2d68]
Event: 4.162 Thread 0x00000271de153460  600       1       java.util.jar.Manifest::getMainAttributes (5 bytes)
Event: 4.162 Thread 0x00000271de153460 nmethod 600 0x00000271d2242590 code [0x00000271d2242720, 0x00000271d22427f8]
Event: 4.162 Thread 0x00000271de153460  602       1       java.util.zip.ZipEntry::getCrc (5 bytes)
Event: 4.163 Thread 0x00000271de153460 nmethod 602 0x00000271d2242890 code [0x00000271d2242a20, 0x00000271d2242af8]
Event: 4.197 Thread 0x00000271de153460  605       3       java.lang.ClassLoader::getClassLoadingLock (35 bytes)
Event: 4.197 Thread 0x00000271de153460 nmethod 605 0x00000271cadc2f10 code [0x00000271cadc30c0, 0x00000271cadc33a8]
Event: 4.197 Thread 0x00000271de153460  607   !   3       java.net.URL::set (114 bytes)
Event: 4.198 Thread 0x00000271de153460 nmethod 607 0x00000271cadc3510 code [0x00000271cadc3760, 0x00000271cadc4218]
Event: 4.198 Thread 0x00000271de153460  606       3       jdk.internal.loader.BuiltinClassLoader::findLoadedModule (33 bytes)
Event: 4.199 Thread 0x00000271de153460 nmethod 606 0x00000271cadc4590 code [0x00000271cadc47a0, 0x00000271cadc4df8]
Event: 4.199 Thread 0x00000271de153460  608       3       java.io.WinNTFileSystem::resolve (275 bytes)
Event: 4.202 Thread 0x00000271de153460 nmethod 608 0x00000271cadc5090 code [0x00000271cadc5580, 0x00000271cadc8318]
Event: 4.202 Thread 0x00000271de153460  609       3       java.lang.String::contains (19 bytes)
Event: 4.202 Thread 0x00000271de153460 nmethod 609 0x00000271cadc9390 code [0x00000271cadc9540, 0x00000271cadc97b8]
Event: 4.202 Thread 0x00000271de153460  610       3       java.lang.System$2::findBootstrapClassOrNull (5 bytes)
Event: 4.203 Thread 0x00000271de153460 nmethod 610 0x00000271cadc9890 code [0x00000271cadc9a40, 0x00000271cadc9c58]

GC Heap History (0 events):
No events

Deoptimization events (20 events):
Event: 2.260 Thread 0x00000271c2e0d080 DEOPT PACKING pc=0x00000271d222e4d4 sp=0x000000be71dfed10
Event: 2.260 Thread 0x00000271c2e0d080 DEOPT UNPACKING pc=0x00000271ca7923a3 sp=0x000000be71dfec70 mode 2
Event: 2.857 Thread 0x00000271c2e0d080 Uncommon trap: trap_request=0xffffff45 fr.pc=0x00000271d22173c4 relative=0x0000000000000404
Event: 2.857 Thread 0x00000271c2e0d080 Uncommon trap: reason=unstable_if action=reinterpret pc=0x00000271d22173c4 method=java.util.zip.ZipCoder$UTF8ZipCoder.checkedHash([BII)I @ 27 c2
Event: 2.857 Thread 0x00000271c2e0d080 DEOPT PACKING pc=0x00000271d22173c4 sp=0x000000be71dfe270
Event: 2.857 Thread 0x00000271c2e0d080 DEOPT UNPACKING pc=0x00000271ca7923a3 sp=0x000000be71dfe158 mode 2
Event: 2.857 Thread 0x00000271c2e0d080 Uncommon trap: trap_request=0xffffff45 fr.pc=0x00000271d2215050 relative=0x0000000000000230
Event: 2.857 Thread 0x00000271c2e0d080 Uncommon trap: reason=unstable_if action=reinterpret pc=0x00000271d2215050 method=java.util.zip.ZipCoder$UTF8ZipCoder.checkedHash([BII)I @ 27 c2
Event: 2.857 Thread 0x00000271c2e0d080 DEOPT PACKING pc=0x00000271d2215050 sp=0x000000be71dfe1c0
Event: 2.857 Thread 0x00000271c2e0d080 DEOPT UNPACKING pc=0x00000271ca7923a3 sp=0x000000be71dfe158 mode 2
Event: 2.858 Thread 0x00000271c2e0d080 Uncommon trap: trap_request=0xffffff45 fr.pc=0x00000271d221ad50 relative=0x00000000000001d0
Event: 2.858 Thread 0x00000271c2e0d080 Uncommon trap: reason=unstable_if action=reinterpret pc=0x00000271d221ad50 method=java.lang.String.hashCode()I @ 20 c2
Event: 2.858 Thread 0x00000271c2e0d080 DEOPT PACKING pc=0x00000271d221ad50 sp=0x000000be71dfe0b0
Event: 2.859 Thread 0x00000271c2e0d080 DEOPT UNPACKING pc=0x00000271ca7923a3 sp=0x000000be71dfe040 mode 2
Event: 3.408 Thread 0x00000271c2e0d080 Uncommon trap: trap_request=0xffffff45 fr.pc=0x00000271d22188e4 relative=0x0000000000000064
Event: 3.408 Thread 0x00000271c2e0d080 Uncommon trap: reason=unstable_if action=reinterpret pc=0x00000271d22188e4 method=java.io.WinNTFileSystem.isSlash(C)Z @ 9 c2
Event: 3.408 Thread 0x00000271c2e0d080 DEOPT PACKING pc=0x00000271d22188e4 sp=0x000000be71dfe980
Event: 3.408 Thread 0x00000271c2e0d080 DEOPT UNPACKING pc=0x00000271ca7923a3 sp=0x000000be71dfe908 mode 2
Event: 4.071 Thread 0x00000271c2e0d080 DEOPT PACKING pc=0x00000271cad24365 sp=0x000000be71dfdf80
Event: 4.071 Thread 0x00000271c2e0d080 DEOPT UNPACKING pc=0x00000271ca792b43 sp=0x000000be71dfd3d0 mode 0

Classes loaded (20 events):
Event: 3.407 Loading class sun/net/www/protocol/jar/URLJarFile
Event: 3.407 Loading class sun/net/www/protocol/jar/URLJarFile done
Event: 3.408 Loading class sun/net/www/protocol/jar/URLJarFile$URLJarFileEntry
Event: 3.408 Loading class sun/net/www/protocol/jar/URLJarFile$URLJarFileEntry done
Event: 3.408 Loading class sun/net/www/protocol/jar/JarURLConnection$JarURLInputStream
Event: 3.408 Loading class sun/net/www/protocol/jar/JarURLConnection$JarURLInputStream done
Event: 3.408 Loading class java/io/BufferedReader
Event: 3.690 Loading class java/io/BufferedReader done
Event: 3.690 Loading class sun/nio/cs/StreamDecoder
Event: 3.709 Loading class sun/nio/cs/StreamDecoder done
Event: 3.709 Loading class sun/nio/cs/UTF_8$Decoder
Event: 3.731 Loading class sun/nio/cs/UTF_8$Decoder done
Event: 3.919 Loading class java/util/concurrent/BlockingQueue
Event: 3.939 Loading class java/util/concurrent/BlockingQueue done
Event: 4.037 Loading class java/util/BitSet
Event: 4.054 Loading class java/util/BitSet done
Event: 4.132 Loading class java/io/StringWriter
Event: 4.147 Loading class java/io/StringWriter done
Event: 4.147 Loading class java/io/StringReader
Event: 4.149 Loading class java/io/StringReader done

Classes unloaded (0 events):
No events

Classes redefined (0 events):
No events

Internal exceptions (5 events):
Event: 2.254 Thread 0x00000271c2e0d080 Exception <a 'java/lang/NoSuchMethodError'{0x00000000c4e89438}: 'int java.lang.invoke.DirectMethodHandle$Holder.invokeSpecial(java.lang.Object, java.lang.Object, java.lang.Object)'> (0x00000000c4e89438) 
thrown [s\open\src\hotspot\share\interpreter\linkResolver.cpp, line 759]
Event: 2.256 Thread 0x00000271c2e0d080 Exception <a 'java/lang/NoSuchMethodError'{0x00000000c4e943a0}: 'void java.lang.invoke.DelegatingMethodHandle$Holder.reinvoke_L(java.lang.Object, java.lang.Object, int)'> (0x00000000c4e943a0) 
thrown [s\open\src\hotspot\share\interpreter\linkResolver.cpp, line 759]
Event: 2.257 Thread 0x00000271c2e0d080 Exception <a 'java/lang/NoSuchMethodError'{0x00000000c4e9b298}: 'int java.lang.invoke.Invokers$Holder.invokeExact_MT(java.lang.Object, java.lang.Object, java.lang.Object)'> (0x00000000c4e9b298) 
thrown [s\open\src\hotspot\share\interpreter\linkResolver.cpp, line 759]
Event: 2.294 Thread 0x00000271c2e0d080 Exception <a 'java/lang/NoSuchMethodError'{0x00000000c4eb37a8}: 'void java.lang.invoke.Invokers$Holder.invokeExact_MT(java.lang.Object, java.lang.Object, java.lang.Object, java.lang.Object)'> (0x00000000c4eb37a8) 
thrown [s\open\src\hotspot\share\interpreter\linkResolver.cpp, line 759]
Event: 4.127 Thread 0x00000271c2e0d080 Exception <a 'java/lang/NoSuchMethodError'{0x00000000c4c8d2f0}: 'int java.lang.invoke.DirectMethodHandle$Holder.invokeStaticInit(java.lang.Object, java.lang.Object)'> (0x00000000c4c8d2f0) 
thrown [s\open\src\hotspot\share\interpreter\linkResolver.cpp, line 759]

VM Operations (8 events):
Event: 0.715 Executing VM operation: HandshakeAllThreads
Event: 0.715 Executing VM operation: HandshakeAllThreads done
Event: 1.731 Executing VM operation: Cleanup
Event: 1.731 Executing VM operation: Cleanup done
Event: 2.744 Executing VM operation: Cleanup
Event: 2.790 Executing VM operation: Cleanup done
Event: 3.407 Executing VM operation: HandshakeAllThreads
Event: 3.407 Executing VM operation: HandshakeAllThreads done

Events (18 events):
Event: 0.119 Loaded shared library C:\Program Files\Java\jdk-18.0.2.1\bin\java.dll
Event: 0.132 Loaded shared library C:\Program Files\Java\jdk-18.0.2.1\bin\jsvml.dll
Event: 0.132 Thread 0x00000271c2e0d080 Thread added: 0x00000271c2e0d080
Event: 0.167 Thread 0x00000271c2ea69e0 Thread added: 0x00000271c2ea69e0
Event: 0.167 Thread 0x00000271c2ea9f30 Thread added: 0x00000271c2ea9f30
Event: 0.254 Thread 0x00000271c2ec2c90 Thread added: 0x00000271c2ec2c90
Event: 0.254 Thread 0x00000271c2ec3630 Thread added: 0x00000271c2ec3630
Event: 0.254 Thread 0x00000271c2ec3fd0 Thread added: 0x00000271c2ec3fd0
Event: 0.254 Thread 0x00000271c2ec4970 Thread added: 0x00000271c2ec4970
Event: 0.255 Thread 0x00000271c2ec5640 Thread added: 0x00000271c2ec5640
Event: 0.289 Thread 0x00000271de153460 Thread added: 0x00000271de153460
Event: 0.305 Thread 0x00000271de156110 Thread added: 0x00000271de156110
Event: 0.625 Thread 0x00000271e2453450 Thread added: 0x00000271e2453450
Event: 0.702 Thread 0x00000271e245df40 Thread added: 0x00000271e245df40
Event: 0.707 Loaded shared library C:\Program Files\Java\jdk-18.0.2.1\bin\net.dll
Event: 0.709 Loaded shared library C:\Program Files\Java\jdk-18.0.2.1\bin\nio.dll
Event: 0.714 Loaded shared library C:\Program Files\Java\jdk-18.0.2.1\bin\zip.dll
Event: 2.735 Loaded shared library C:\Program Files\Java\jdk-18.0.2.1\bin\jimage.dll


Dynamic libraries:
0x00007ff7c3900000 - 0x00007ff7c3910000 	C:\Program Files\Java\jdk-18.0.2.1\bin\javaw.exe
0x00007ffa33d30000 - 0x00007ffa33f28000 	C:\Windows\SYSTEM32\ntdll.dll
0x00007ffa335e0000 - 0x00007ffa3369d000 	C:\Windows\System32\KERNEL32.DLL
0x00007ffa31690000 - 0x00007ffa3195e000 	C:\Windows\System32\KERNELBASE.dll
0x00007ffa31480000 - 0x00007ffa31580000 	C:\Windows\System32\ucrtbase.dll
0x00007ffa189b0000 - 0x00007ffa189c8000 	C:\Program Files\Java\jdk-18.0.2.1\bin\jli.dll
0x00007ffa32530000 - 0x00007ffa325de000 	C:\Windows\System32\ADVAPI32.dll
0x00007ffa336a0000 - 0x00007ffa3373e000 	C:\Windows\System32\msvcrt.dll
0x00007ffa32910000 - 0x00007ffa329ac000 	C:\Windows\System32\sechost.dll
0x00007ffa32780000 - 0x00007ffa328a5000 	C:\Windows\System32\RPCRT4.dll
0x00007ffa325e0000 - 0x00007ffa32780000 	C:\Windows\System32\USER32.dll
0x00007ffa31a10000 - 0x00007ffa31a32000 	C:\Windows\System32\win32u.dll
0x00007ffa32230000 - 0x00007ffa3225a000 	C:\Windows\System32\GDI32.dll
0x00007ffa31580000 - 0x00007ffa3168b000 	C:\Windows\System32\gdi32full.dll
0x00007ffa31cf0000 - 0x00007ffa31d8d000 	C:\Windows\System32\msvcp_win.dll
0x00007ffa1e140000 - 0x00007ffa1e3da000 	C:\Windows\WinSxS\amd64_microsoft.windows.common-controls_6595b64144ccf1df_6.0.19041.1110_none_60b5254171f9507e\COMCTL32.dll
0x00007ffa2a130000 - 0x00007ffa2a13a000 	C:\Windows\SYSTEM32\VERSION.dll
0x00007ffa189d0000 - 0x00007ffa189ea000 	C:\Program Files\Java\jdk-18.0.2.1\bin\VCRUNTIME140.dll
0x00007ffa322c0000 - 0x00007ffa322f0000 	C:\Windows\System32\IMM32.DLL
0x00007ffa13ee0000 - 0x00007ffa13eec000 	C:\Program Files\Java\jdk-18.0.2.1\bin\vcruntime140_1.dll
0x00007ffa12e40000 - 0x00007ffa12ecd000 	C:\Program Files\Java\jdk-18.0.2.1\bin\msvcp140.dll
0x00007ff9dcca0000 - 0x00007ff9dd8b1000 	C:\Program Files\Java\jdk-18.0.2.1\bin\server\jvm.dll
0x00007ffa324f0000 - 0x00007ffa324f8000 	C:\Windows\System32\PSAPI.DLL
0x00007ffa2c530000 - 0x00007ffa2c539000 	C:\Windows\SYSTEM32\WSOCK32.dll
0x00007ffa33100000 - 0x00007ffa3316b000 	C:\Windows\System32\WS2_32.dll
0x00007ffa1bf60000 - 0x00007ffa1bf87000 	C:\Windows\SYSTEM32\WINMM.dll
0x00007ffa2fce0000 - 0x00007ffa2fcf2000 	C:\Windows\SYSTEM32\kernel.appcore.dll
0x00007ffa1cfb0000 - 0x00007ffa1cfba000 	C:\Program Files\Java\jdk-18.0.2.1\bin\jimage.dll
0x00007ffa2f250000 - 0x00007ffa2f434000 	C:\Windows\SYSTEM32\DBGHELP.DLL
0x00007ffa21930000 - 0x00007ffa2195c000 	C:\Windows\SYSTEM32\dbgcore.DLL
0x00007ffa31c60000 - 0x00007ffa31ce2000 	C:\Windows\System32\bcryptPrimitives.dll
0x00007ffa15660000 - 0x00007ffa15685000 	C:\Program Files\Java\jdk-18.0.2.1\bin\java.dll
0x00007ff9ebf50000 - 0x00007ff9ec026000 	C:\Program Files\Java\jdk-18.0.2.1\bin\jsvml.dll
0x00007ffa329b0000 - 0x00007ffa330f4000 	C:\Windows\System32\SHELL32.dll
0x00007ffa2f530000 - 0x00007ffa2fcc4000 	C:\Windows\SYSTEM32\windows.storage.dll
0x00007ffa31ed0000 - 0x00007ffa32224000 	C:\Windows\System32\combase.dll
0x00007ffa30eb0000 - 0x00007ffa30ee0000 	C:\Windows\SYSTEM32\Wldp.dll
0x00007ffa33be0000 - 0x00007ffa33c8d000 	C:\Windows\System32\SHCORE.dll
0x00007ffa32260000 - 0x00007ffa322b5000 	C:\Windows\System32\shlwapi.dll
0x00007ffa31390000 - 0x00007ffa313af000 	C:\Windows\SYSTEM32\profapi.dll
0x00007ffa12e20000 - 0x00007ffa12e33000 	C:\Program Files\Java\jdk-18.0.2.1\bin\net.dll
0x00007ffa214b0000 - 0x00007ffa215ba000 	C:\Windows\SYSTEM32\WINHTTP.dll
0x00007ffa30c10000 - 0x00007ffa30c7a000 	C:\Windows\system32\mswsock.dll
0x00007ffa12e00000 - 0x00007ffa12e16000 	C:\Program Files\Java\jdk-18.0.2.1\bin\nio.dll
0x00007ffa12de0000 - 0x00007ffa12df8000 	C:\Program Files\Java\jdk-18.0.2.1\bin\zip.dll
0x00007ffa30900000 - 0x00007ffa309ca000 	C:\Windows\SYSTEM32\DNSAPI.dll
0x00007ffa308b0000 - 0x00007ffa308eb000 	C:\Windows\SYSTEM32\IPHLPAPI.DLL
0x00007ffa32520000 - 0x00007ffa32528000 	C:\Windows\System32\NSI.dll
0x00007ffa21470000 - 0x00007ffa2147a000 	C:\Windows\System32\rasadhlp.dll
0x00007ffa216c0000 - 0x00007ffa21740000 	C:\Windows\System32\fwpuclnt.dll
0x00007ffa31450000 - 0x00007ffa31477000 	C:\Windows\System32\bcrypt.dll

dbghelp: loaded successfully - version: 4.0.5 - missing functions: none
symbol engine: initialized successfully - sym options: 0x614 - pdb path: .;C:\Program Files\Java\jdk-18.0.2.1\bin;C:\Windows\SYSTEM32;C:\Windows\WinSxS\amd64_microsoft.windows.common-controls_6595b64144ccf1df_6.0.19041.1110_none_60b5254171f9507e;C:\Program Files\Java\jdk-18.0.2.1\bin\server

VM Arguments:
jvm_args: -ea -Dfile.encoding=UTF-8 -XX:+ShowCodeDetailsInExceptionMessages 
java_command: org.testng.remote.RemoteTestNG -serport 51492 -protocol json -d C:\Users\Nandi\Downloads\com.juaracoding.pageobject\com.juaracoding.pageobject\test-output C:\Users\Nandi\AppData\Local\Temp\testng-eclipse--112868416\testng-customsuite.xml
java_class_path (initial): C:\Users\Nandi\eclipse\java-2022-06\eclipse\configuration\org.eclipse.osgi\567\0\.cp\lib\testng-remote.jar;C:\Users\Nandi\Downloads\com.juaracoding.pageobject\com.juaracoding.pageobject\target\test-classes;C:\Users\Nandi\Downloads\com.juaracoding.pageobject\com.juaracoding.pageobject\target\classes;C:\Users\Nandi\.m2\repository\org\seleniumhq\selenium\selenium-java\4.0.0\selenium-java-4.0.0.jar;C:\Users\Nandi\.m2\repository\org\seleniumhq\selenium\selenium-api\4.0.0\selenium-api-4.0.0.jar;C:\Users\Nandi\.m2\repository\org\seleniumhq\selenium\selenium-chrome-driver\4.0.0\selenium-chrome-driver-4.0.0.jar;C:\Users\Nandi\.m2\repository\com\google\auto\service\auto-service-annotations\1.0\auto-service-annotations-1.0.jar;C:\Users\Nandi\.m2\repository\com\google\auto\service\auto-service\1.0\auto-service-1.0.jar;C:\Users\Nandi\.m2\repository\com\google\auto\auto-common\1.0\auto-common-1.0.jar;C:\Users\Nandi\.m2\repository\com\google\guava\guava\31.0.1-jre\guava-31.0.1-jre.jar;C:\Users\Nandi\.m2\repository\com\google\guava\failureaccess\1.0.1\failureaccess-1.0.1.jar;C:\Users\Nandi\.m2\repository\com\google\guava\listenablefuture\9999.0-empty-to-avoid-conflict-with-guava\listenablefuture-9999.0-empty-to-avoid-conflict-with-guava.jar;C:\Users\Nandi\.m2\repository\com\google\code\findbugs\jsr305\3.0.2\jsr305-3.0.2.jar;C:\Users\Nandi\.m2\repository\org\checkerframework\checker-qual\3.12.0\checker-qual-3.12.0.jar;C:\Users\Nandi\.m2\repository\com\google\errorprone\error_prone_annotations\2.7.1\error_prone_annotations-2.7.1.jar;C:\Users\Nandi\.m2\repository\com\google\j2objc\j2objc-annotations\1.3\j2objc-annotations-1.3.jar;C:\Users\Nandi\.m2\repository\org\seleniumhq\selenium\selenium-chromium-driver\4.0.0\selenium-chromium-driver-4.0.0.jar;C:\Users\Nandi\.m2\repository\org\seleniumhq\selenium\selenium-json\4.0.0\selenium-json-4.0.0.jar;C:\Users\Nandi\.m2\repository\org\seleniumhq\selenium\selenium-devtools-v85\4.0.0\selenium-devtools-v85-4.0.0.jar;C:\Users\Nandi\.m2\repository\org\seleniumhq\selenium\selenium-devtools-v93\4.0.0\selenium-devtools-v93-4.0.0.jar;C:\Users\Nandi\.m2\repository\org\seleniumhq\selenium\selenium-devtools-v94\4.0.0\selenium-devtools-v94-4.0.0.jar;C:\Users\Nandi\.m2\repository\org\seleniumhq\selenium\selenium-devtools-v95\4.0.0\selenium-devtools-v95-4.0.0.jar;C:\Users\Nandi\.m2\repository\org\seleniumhq\selenium\selenium-edge-driver\4.0.0\selenium-edge-driver-4.0.0.jar;C:\Users\Nandi\.m2\repository\org\seleniumhq\selenium\selenium-firefox-driver\4.0.0\selenium-firefox-driver-4.0.0.jar;C:\Users\Nandi\.m2\repository\org\seleniumhq\selenium\selenium-firefox-xpi-driver\4.0.0\selenium-firefox-xpi-driver-4.0.0.jar;C:\Users\Nandi\.m2\repository\org\seleniumhq\selenium\selenium-ie-driver\4.0.0\selenium-ie-driver-4.0.0.jar;C:\Users\Nandi\.m2\repository\org\seleniumhq\selenium\selenium-opera-driver\4.0.0\selenium-opera-driver-4.0.0.jar;C:\Users\Nandi\.m2\repository\org\seleniumhq\selenium\selenium-remote-driver\4.0.0\selenium-remote-driver-4.0.0.jar;C:\Users\Nandi\.m2\repository\io\netty\netty-buffer\4.1.68.Final\netty-buffer-4.1.68.Final.jar;C:\Users\Nandi\.m2\repository\io\netty\netty-codec-http\4.1.67.Final\netty-codec-http-4.1.67.Final.jar;C:\Users\Nandi\.m2\repository\io\netty\netty-codec\4.1.67.Final\netty-codec-4.1.67.Final.jar;C:\Users\Nandi\.m2\repository\io\netty\netty-handler\4.1.67.Final\netty-handler-4.1.67.Final.jar;C:\Users\Nandi\.m2\repository\io\netty\netty-common\4.1.68.Final\netty-common-4.1.68.Final.jar;C:\Users\Nandi\.m2\repository\io\netty\netty-transport-native-epoll\4.1.67.Final\netty-transport-native-epoll-4.1.67.Final.jar;C:\Users\Nandi\.m2\repository\io\netty\netty-transport-native-kqueue\4.1.67.Final\netty-transport-native-kqueue-4.1.67.Final.jar;C:\Users\Nandi\.m2\repository\io\netty\netty-transport-native-unix-common\4.1.67.Final\netty-transport-native-unix-common-4.1.67.Final.jar;C:\Users\Nandi\.m2\repository\io\netty\netty-transport\4.1.68.Final\netty-transport-4.1.68.Final.jar;C:\Users\Nandi\.m2\repository\io\netty\netty-resolver\4.1.68.Final\netty-resolver-4.1.68.Final.jar;C:\Users\Nandi\.m2\repository\io\opentelemetry\opentelemetry-api\1.6.0\opentelemetry-api-1.6.0.jar;C:\Users\Nandi\.m2\repository\io\opentelemetry\opentelemetry-context\1.6.0\opentelemetry-context-1.6.0.jar;C:\Users\Nandi\.m2\repository\io\opentelemetry\opentelemetry-exporter-logging\1.6.0\opentelemetry-exporter-logging-1.6.0.jar;C:\Users\Nandi\.m2\repository\io\opentelemetry\opentelemetry-sdk-metrics\1.6.0-alpha\opentelemetry-sdk-metrics-1.6.0-alpha.jar;C:\Users\Nandi\.m2\repository\io\opentelemetry\opentelemetry-sdk-common\1.6.0\opentelemetry-sdk-common-1.6.0.jar;C:\Users\Nandi\.m2\repository\io\opentelemetry\opentelemetry-sdk-extension-autoconfigure-spi\1.6.0\opentelemetry-sdk-extension-autoconfigure-spi-1.6.0.jar;C:\Users\Nandi\.m2\repository\io\opentelemetry\opentelemetry-sdk-extension-autoconfigure\1.6.0-alpha\opentelemetry-sdk-extension-autoconfigure-1.6.0-alpha.jar;C:\Users\Nandi\.m2\repository\io\opentelemetry\opentelemetry-sdk-trace\1.6.0\opentelemetry-sdk-trace-1.6.0.jar;C:\Users\Nandi\.m2\repository\io\opentelemetry\opentelemetry-api-metrics\1.6.0-alpha\opentelemetry-api-metrics-1.6.0-alpha.jar;C:\Users\Nandi\.m2\repository\io\opentelemetry\opentelemetry-sdk\1.6.0\opentelemetry-sdk-1.6.0.jar;C:\Users\Nandi\.m2\repository\io\opentelemetry\opentelemetry-semconv\1.6.0-alpha\opentelemetry-semconv-1.6.0-alpha.jar;C:\Users\Nandi\.m2\repository\io\ous\jtoml\2.0.0\jtoml-2.0.0.jar;C:\Users\Nandi\.m2\repository\net\bytebuddy\byte-buddy\1.11.19\byte-buddy-1.11.19.jar;C:\Users\Nandi\.m2\repository\org\apache\commons\commons-exec\1.3\commons-exec-1.3.jar;C:\Users\Nandi\.m2\repository\org\asynchttpclient\async-http-client\2.12.3\async-http-client-2.12.3.jar;C:\Users\Nandi\.m2\repository\org\asynchttpclient\async-http-client-netty-utils\2.12.3\async-http-client-netty-utils-2.12.3.jar;C:\Users\Nandi\.m2\repository\io\netty\netty-codec-socks\4.1.60.Final\netty-codec-socks-4.1.60.Final.jar;C:\Users\Nandi\.m2\repository\io\netty\netty-handler-proxy\4.1.60.Final\netty-handler-proxy-4.1.60.Final.jar;C:\Users\Nandi\.m2\repository\io\netty\netty-transport-native-epoll\4.1.60.Final\netty-transport-native-epoll-4.1.60.Final-linux-x86_64.jar;C:\Users\Nandi\.m2\repository\io\netty\netty-transport-native-kqueue\4.1.60.Final\netty-transport-native-kqueue-4.1.60.Final-osx-x86_64.jar;C:\Users\Nandi\.m2\repository\org\reactivestreams\reactive-streams\1.0.3\reactive-streams-1.0.3.jar;C:\Users\Nandi\.m2\repository\com\typesafe\netty\netty-reactive-streams\2.0.4\netty-reactive-streams-2.0.4.jar;C:\Users\Nandi\.m2\repository\org\slf4j\slf4j-api\1.7.30\slf4j-api-1.7.30.jar;C:\Users\Nandi\.m2\repository\com\sun\activation\jakarta.activation\1.2.2\jakarta.activation-1.2.2.jar;C:\Users\Nandi\.m2\repository\org\seleniumhq\selenium\selenium-http\4.0.0\selenium-http-4.0.0.jar;C:\Users\Nandi\.m2\repository\org\seleniumhq\selenium\selenium-safari-driver\4.0.0\selenium-safari-driver-4.0.0.jar;C:\Users\Nandi\.m2\repository\org\seleniumhq\selenium\selenium-support\4.0.0\selenium-support-4.0.0.jar;C:\Users\Nandi\.m2\repository\org\testng\testng\7.4.0\testng-7.4.0.jar;C:\Users\Nandi\.m2\repository\com\beust\jcommander\1.78\jcommander-1.78.jar;C:\Users\Nandi\.m2\repository\org\webjars\jquery\3.5.1\jquery-3.5.1.jar;C:\Users\Nandi\.m2\repository\io\cucumber\cucumber-java\7.6.0\cucumber-java-7.6.0.jar;C:\Users\Nandi\.m2\repository\io\cucumber\cucumber-core\7.6.0\cucumber-core-7.6.0.jar;C:\Users\Nandi\.m2\repository\io\cucumber\cucumber-gherkin\7.6.0\cucumber-gherkin-7.6.0.jar;C:\Users\Nandi\.m2\repository\io\cucumber\cucumber-gherkin-messages\7.6.0\cucumber-gherkin-messages-7.6.0.jar;C:\Users\Nandi\.m2\repository\io\cucumber\gherkin\24.0.0\gherkin-24.0.0.jar;C:\Users\Nandi\.m2\repository\io\cucumber\messages\19.0.0\messages-19.0.0.jar;C:\Users\Nandi\.m2\repository\io\cucumber\tag-expressions\4.1.0\tag-expressions-4.1.0.jar;C:\Users\Nandi\.m2\repository\io\cucumber\cucumber-expressions\16.0.0\cucumber-expressions-16.0.0.jar;C:\Users\Nandi\.m2\repository\io\cucumber\datatable\7.6.0\datatable-7.6.0.jar;C:\Users\Nandi\.m2\repository\io\cucumber\cucumber-plugin\7.6.0\cucumber-plugin-7.6.0.jar;C:\Users\Nandi\.m2\repository\io\cucumber\docstring\7.6.0\docstring-7.6.0.jar;C:\Users\Nandi\.m2\repository\io\cucumber\html-formatter\20.0.0\html-formatter-20.0.0.jar;C:\Users\Nandi\.m2\repository\io\cucumber\ci-environment\9.1.0\ci-environment-9.1.0.jar;C:\Users\Nandi\.m2\repository\org\apiguardian\apiguardian-api\1.1.2\apiguardian-api-1.1.2.jar;C:\Users\Nandi\.m2\repository\io\cucumber\cucumber-testng\7.6.0\cucumber-testng-7.6.0.jar
Launcher Type: SUN_STANDARD

[Global flags]
     intx CICompilerCount                          = 3                                         {product} {ergonomic}
     uint ConcGCThreads                            = 1                                         {product} {ergonomic}
     uint G1ConcRefinementThreads                  = 4                                         {product} {ergonomic}
   size_t G1HeapRegionSize                         = 1048576                                   {product} {ergonomic}
    uintx GCDrainStackTargetSize                   = 64                                        {product} {ergonomic}
   size_t InitialHeapSize                          = 67108864                                  {product} {ergonomic}
   size_t MarkStackSize                            = 4194304                                   {product} {ergonomic}
   size_t MaxHeapSize                              = 1052770304                                {product} {ergonomic}
   size_t MaxNewSize                               = 631242752                                 {product} {ergonomic}
   size_t MinHeapDeltaBytes                        = 1048576                                   {product} {ergonomic}
   size_t MinHeapSize                              = 8388608                                   {product} {ergonomic}
    uintx NonNMethodCodeHeapSize                   = 5832780                                {pd product} {ergonomic}
    uintx NonProfiledCodeHeapSize                  = 122912730                              {pd product} {ergonomic}
    uintx ProfiledCodeHeapSize                     = 122912730                              {pd product} {ergonomic}
    uintx ReservedCodeCacheSize                    = 251658240                              {pd product} {ergonomic}
     bool SegmentedCodeCache                       = true                                      {product} {ergonomic}
     bool ShowCodeDetailsInExceptionMessages       = true                                   {manageable} {command line}
   size_t SoftMaxHeapSize                          = 1052770304                             {manageable} {ergonomic}
     bool UseCompressedClassPointers               = true                           {product lp64_product} {ergonomic}
     bool UseCompressedOops                        = true                           {product lp64_product} {ergonomic}
     bool UseG1GC                                  = true                                      {product} {ergonomic}
     bool UseLargePagesIndividualAllocation        = false                                  {pd product} {ergonomic}

Logging:
Log output configuration:
 #0: stdout all=warning uptime,level,tags foldmultilines=false
 #1: stderr all=off uptime,level,tags foldmultilines=false

Environment Variables:
JAVA_HOME=C:\Program Files\Java\jdk-18.0.2.1
PATH=C:\Program Files\Common Files\Oracle\Java\javapath;C:\Windows\system32;C:\Windows;C:\Windows\System32\Wbem;C:\Windows\System32\WindowsPowerShell\v1.0\;C:\Windows\System32\OpenSSH\;C:\Program Files\Java\jdk-18.0.2.1\bin;C:\Program Files\Git\cmd;C:\Users\Nandi\AppData\Local\Microsoft\WindowsApps;C:\Users\Nandi\AppData\Local\GitHubDesktop\bin;C:\Users\Nandi\AppData\Local\Android\Sdk\platform-tools;C:\Users\Nandi\AppData\Local\Android\Sdk\emulator;C:\Users\Nandi\AppData\Local\Android\Sdk\tools\bin;
USERNAME=Nandi
OS=Windows_NT
PROCESSOR_IDENTIFIER=Intel64 Family 6 Model 142 Stepping 9, GenuineIntel



---------------  S Y S T E M  ---------------

OS:
 Windows 10 , 64 bit Build 19041 (10.0.19041.1889)
OS uptime: 0 days 16:55 hours

CPU: total 4 (initial active 4) (2 cores per cpu, 2 threads per core) family 6 model 142 stepping 9 microcode 0xb4, cx8, cmov, fxsr, ht, mmx, 3dnowpref, sse, sse2, sse3, ssse3, sse4.1, sse4.2, popcnt, lzcnt, tsc, tscinvbit, avx, avx2, aes, erms, clmul, bmi1, bmi2, adx, fma, vzeroupper, clflush, clflushopt

Memory: 4k page, system-wide physical 4012M (99M free)
TotalPageFile size 20012M (AvailPageFile size 0M)
current process WorkingSet (physical memory assigned to process): 46M, peak: 46M
current process commit charge ("private bytes"): 142M, peak: 142M

vm_info: Java HotSpot(TM) 64-Bit Server VM (18.0.2.1+1-1) for windows-amd64 JRE (18.0.2.1+1-1), built on Aug 16 2022 01:46:33 by "mach5one" with MS VC++ 16.8 / 16.9 (VS2019)

END.
